2026-03-14 22:17:41 | INFO | run_pipeline | Using raw CSV: /Users/cai/Desktop/Movie-Intelligence-Agent/data/raw/movies_from_csv.csv
2026-03-14 22:17:41 | INFO | run_pipeline | Using TMDB source file: /Users/cai/Desktop/Movie-Intelligence-Agent/data/raw/movies_from_tmdb_fixture.json
2026-03-14 22:17:41 | INFO | IngestPipeline | Starting ingestion stage
2026-03-14 22:17:41 | INFO | csv_loader | Loaded 20 rows from CSV fixture: /Users/cai/Desktop/Movie-Intelligence-Agent/data/raw/movies_from_csv.csv
2026-03-14 22:17:41 | INFO | TMDBClient | Loading TMDB data from fixture: /Users/cai/Desktop/Movie-Intelligence-Agent/data/raw/movies_from_tmdb_fixture.json
2026-03-14 22:17:41 | INFO | TMDBClient | Loaded 18 rows from TMDB fixture
2026-03-14 22:17:41 | INFO | IngestPipeline | Ingestion completed. csv_rows=20 tmdb_rows=18
2026-03-14 22:17:41 | INFO | clean_movies | Cleaned 20 rows for source=csv
2026-03-14 22:17:41 | INFO | clean_movies | Cleaned 18 rows for source=tmdb
2026-03-14 22:17:41 | INFO | merge_sources | Merged sources into 20 unified movie rows
2026-03-14 22:17:41 | INFO | validate_schema | [post-merge] movies schema validation passed (20 rows)
2026-03-14 22:17:41 | INFO | build_documents | Built 20 movie documents
2026-03-14 22:17:41 | INFO | validate_schema | [post-document-build] document schema validation passed (20 rows)
2026-03-14 22:17:41 | INFO | SQLiteDB | SQLite schema ensured at: /Users/cai/Desktop/Movie-Intelligence-Agent/storage/tmp_run/movie_agent_fresh.db
2026-03-14 22:17:41 | INFO | MovieRepository | Upserted 20 movie rows
2026-03-14 22:17:41 | INFO | MovieRepository | Upserted 20 document rows
2026-03-14 22:17:41 | WARNING | LocalEmbedder | sentence-transformers unavailable, using deterministic hash fallback. error=No module named 'sentence_transformers'
2026-03-14 22:17:41 | WARNING | MovieVectorStore | chromadb unavailable, using JSON fallback store. error=No module named 'chromadb'
2026-03-14 22:17:41 | INFO | MovieSemanticRetriever | Force rebuilding vector index
2026-03-14 22:17:41 | INFO | MovieSemanticRetriever | Loaded 20 documents from SQLite for indexing
2026-03-14 22:17:41 | INFO | run_pipeline | Pipeline finished successfully
2026-03-14 22:17:41 | WARNING | LocalEmbedder | sentence-transformers unavailable, using deterministic hash fallback. error=No module named 'sentence_transformers'
2026-03-14 22:17:41 | WARNING | MovieVectorStore | chromadb unavailable, using JSON fallback store. error=No module named 'chromadb'
2026-03-14 22:17:41 | INFO | top_rated | get_top_rated_movies returned 5 rows
